Using pre-set license
Built from '2022.3/release' branch; Version is '2022.3.5f1 (9674261d40ee) revision 9860134'; Using compiler version '192829333'; Build Type 'Release'
OS: 'Windows 11  (10.0.22631) 64bit Professional' Language: 'en' Physical Memory: 16294 MB
BatchMode: 1, IsHumanControllingUs: 0, StartBugReporterOnCrash: 0, Is64bit: 1, IsPro: 1

COMMAND LINE ARGUMENTS:
C:\Program Files\Unity\Hub\Editor\2022.3.5f1\Editor\Unity.exe
-adb2
-batchMode
-noUpm
-name
AssetImportWorker2
-projectPath
D:/Cosas Maty/Da Vinci/Cuatrimestre 4/Aplicación de Motores II/TP_Aplicacion_Motores_2/TP1_AM2
-logFile
Logs/AssetImportWorker2.log
-srvPort
61206
Successfully changed project path to: D:/Cosas Maty/Da Vinci/Cuatrimestre 4/Aplicación de Motores II/TP_Aplicacion_Motores_2/TP1_AM2
D:/Cosas Maty/Da Vinci/Cuatrimestre 4/Aplicación de Motores II/TP_Aplicacion_Motores_2/TP1_AM2
[UnityMemory] Configuration Parameters - Can be set up in boot.config
    "memorysetup-bucket-allocator-granularity=16"
    "memorysetup-bucket-allocator-bucket-count=8"
    "memorysetup-bucket-allocator-block-size=33554432"
    "memorysetup-bucket-allocator-block-count=8"
    "memorysetup-main-allocator-block-size=16777216"
    "memorysetup-thread-allocator-block-size=16777216"
    "memorysetup-gfx-main-allocator-block-size=16777216"
    "memorysetup-gfx-thread-allocator-block-size=16777216"
    "memorysetup-cache-allocator-block-size=4194304"
    "memorysetup-typetree-allocator-block-size=2097152"
    "memorysetup-profiler-bucket-allocator-granularity=16"
    "memorysetup-profiler-bucket-allocator-bucket-count=8"
    "memorysetup-profiler-bucket-allocator-block-size=33554432"
    "memorysetup-profiler-bucket-allocator-block-count=8"
    "memorysetup-profiler-allocator-block-size=16777216"
    "memorysetup-profiler-editor-allocator-block-size=1048576"
    "memorysetup-temp-allocator-size-main=16777216"
    "memorysetup-job-temp-allocator-block-size=2097152"
    "memorysetup-job-temp-allocator-block-size-background=1048576"
    "memorysetup-job-temp-allocator-reduction-small-platforms=262144"
    "memorysetup-allocator-temp-initial-block-size-main=262144"
    "memorysetup-allocator-temp-initial-block-size-worker=262144"
    "memorysetup-temp-allocator-size-background-worker=32768"
    "memorysetup-temp-allocator-size-job-worker=262144"
    "memorysetup-temp-allocator-size-preload-manager=33554432"
    "memorysetup-temp-allocator-size-nav-mesh-worker=65536"
    "memorysetup-temp-allocator-size-audio-worker=65536"
    "memorysetup-temp-allocator-size-cloud-worker=32768"
    "memorysetup-temp-allocator-size-gi-baking-worker=262144"
    "memorysetup-temp-allocator-size-gfx=262144"
Player connection [19212] Host "[IP] 192.168.1.5 [Port] 0 [Flags] 2 [Guid] 779902481 [EditorId] 779902481 [Version] 1048832 [Id] WindowsEditor(7,Matias) [Debug] 1 [PackageName] WindowsEditor [ProjectName] Editor" joined multi-casting on [225.0.0.222:54997]...

Player connection [19212] Host "[IP] 192.168.1.5 [Port] 0 [Flags] 2 [Guid] 779902481 [EditorId] 779902481 [Version] 1048832 [Id] WindowsEditor(7,Matias) [Debug] 1 [PackageName] WindowsEditor [ProjectName] Editor" joined alternative multi-casting on [225.0.0.222:34997]...

Refreshing native plugins compatible for Editor in 11.07 ms, found 3 plugins.
Preloading 0 native plugins for Editor in 0.00 ms.
Initialize engine version: 2022.3.5f1 (9674261d40ee)
[Subsystems] Discovering subsystems at path C:/Program Files/Unity/Hub/Editor/2022.3.5f1/Editor/Data/Resources/UnitySubsystems
[Subsystems] Discovering subsystems at path D:/Cosas Maty/Da Vinci/Cuatrimestre 4/Aplicación de Motores II/TP_Aplicacion_Motores_2/TP1_AM2/Assets
GfxDevice: creating device client; threaded=0; jobified=0
Direct3D:
    Version:  Direct3D 11.0 [level 11.1]
    Renderer: NVIDIA GeForce RTX 3060 Ti (ID=0x2489)
    Vendor:   NVIDIA
    VRAM:     8024 MB
    Driver:   32.0.15.6094
Initialize mono
Mono path[0] = 'C:/Program Files/Unity/Hub/Editor/2022.3.5f1/Editor/Data/Managed'
Mono path[1] = 'C:/Program Files/Unity/Hub/Editor/2022.3.5f1/Editor/Data/MonoBleedingEdge/lib/mono/unityjit-win32'
Mono config path = 'C:/Program Files/Unity/Hub/Editor/2022.3.5f1/Editor/Data/MonoBleedingEdge/etc'
Using monoOptions --debugger-agent=transport=dt_socket,embedding=1,server=y,suspend=n,address=127.0.0.1:56192
Begin MonoManager ReloadAssembly
Registering precompiled unity dll's ...
Register platform support module: C:/Program Files/Unity/Hub/Editor/2022.3.5f1/Editor/Data/PlaybackEngines/AndroidPlayer/UnityEditor.Android.Extensions.dll
Register platform support module: C:/Program Files/Unity/Hub/Editor/2022.3.5f1/Editor/Data/PlaybackEngines/WindowsStandaloneSupport/UnityEditor.WindowsStandalone.Extensions.dll
Registered in 0.007406 seconds.
- Loaded All Assemblies, in  0.271 seconds
Native extension for WindowsStandalone target not found
Native extension for Android target not found
Android Extension - Scanning For ADB Devices 2194 ms
Mono: successfully reloaded assembly
- Finished resetting the current domain, in  2.439 seconds
Domain Reload Profiling: 2708ms
	BeginReloadAssembly (72ms)
		ExecutionOrderSort (0ms)
		DisableScriptedObjects (0ms)
		BackupInstance (0ms)
		ReleaseScriptingObjects (0ms)
		CreateAndSetChildDomain (1ms)
	RebuildCommonClasses (26ms)
	RebuildNativeTypeToScriptingClass (8ms)
	initialDomainReloadingComplete (49ms)
	LoadAllAssembliesAndSetupDomain (113ms)
		LoadAssemblies (70ms)
		RebuildTransferFunctionScriptingTraits (0ms)
		AnalyzeDomain (107ms)
			TypeCache.Refresh (106ms)
				TypeCache.ScanAssembly (97ms)
			ScanForSourceGeneratedMonoScriptInfo (0ms)
			ResolveRequiredComponents (0ms)
	FinalizeReload (2439ms)
		ReleaseScriptCaches (0ms)
		RebuildScriptCaches (0ms)
		SetupLoadedEditorAssemblies (2395ms)
			LogAssemblyErrors (0ms)
			InitializePlatformSupportModulesInManaged (2285ms)
			SetLoadedEditorAssemblies (3ms)
			RefreshPlugins (0ms)
			BeforeProcessingInitializeOnLoad (2ms)
			ProcessInitializeOnLoadAttributes (72ms)
			ProcessInitializeOnLoadMethodAttributes (33ms)
			AfterProcessingInitializeOnLoad (0ms)
			EditorAssembliesLoaded (0ms)
		ExecutionOrderSort2 (0ms)
		AwakeInstancesAfterBackupRestoration (0ms)
========================================================================
Worker process is ready to serve import requests
Begin MonoManager ReloadAssembly
Symbol file LoadedFromMemory doesn't match image D:\Cosas Maty\Da Vinci\Cuatrimestre 4\Aplicación de Motores II\TP_Aplicacion_Motores_2\TP1_AM2\Library\PackageCache\com.unity.visualscripting@1.8.0\Editor\VisualScripting.Core\Dependencies\YamlDotNet\Unity.VisualScripting.YamlDotNet.dll
Symbol file LoadedFromMemory doesn't match image D:\Cosas Maty\Da Vinci\Cuatrimestre 4\Aplicación de Motores II\TP_Aplicacion_Motores_2\TP1_AM2\Library\PackageCache\com.unity.visualscripting@1.8.0\Editor\VisualScripting.Core\Dependencies\DotNetZip\Unity.VisualScripting.IonicZip.dll
Symbol file LoadedFromMemory is not a mono symbol file
- Loaded All Assemblies, in  0.630 seconds
Refreshing native plugins compatible for Editor in 3.71 ms, found 3 plugins.
Native extension for WindowsStandalone target not found
Native extension for Android target not found
Mono: successfully reloaded assembly
- Finished resetting the current domain, in  0.564 seconds
Domain Reload Profiling: 1192ms
	BeginReloadAssembly (100ms)
		ExecutionOrderSort (0ms)
		DisableScriptedObjects (4ms)
		BackupInstance (0ms)
		ReleaseScriptingObjects (0ms)
		CreateAndSetChildDomain (20ms)
	RebuildCommonClasses (24ms)
	RebuildNativeTypeToScriptingClass (8ms)
	initialDomainReloadingComplete (34ms)
	LoadAllAssembliesAndSetupDomain (462ms)
		LoadAssemblies (238ms)
		RebuildTransferFunctionScriptingTraits (0ms)
		AnalyzeDomain (269ms)
			TypeCache.Refresh (242ms)
				TypeCache.ScanAssembly (229ms)
			ScanForSourceGeneratedMonoScriptInfo (20ms)
			ResolveRequiredComponents (7ms)
	FinalizeReload (564ms)
		ReleaseScriptCaches (0ms)
		RebuildScriptCaches (0ms)
		SetupLoadedEditorAssemblies (448ms)
			LogAssemblyErrors (0ms)
			InitializePlatformSupportModulesInManaged (19ms)
			SetLoadedEditorAssemblies (3ms)
			RefreshPlugins (0ms)
			BeforeProcessingInitializeOnLoad (62ms)
			ProcessInitializeOnLoadAttributes (308ms)
			ProcessInitializeOnLoadMethodAttributes (48ms)
			AfterProcessingInitializeOnLoad (7ms)
			EditorAssembliesLoaded (0ms)
		ExecutionOrderSort2 (0ms)
		AwakeInstancesAfterBackupRestoration (4ms)
Launched and connected shader compiler UnityShaderCompiler.exe after 0.03 seconds
Refreshing native plugins compatible for Editor in 3.66 ms, found 3 plugins.
Preloading 0 native plugins for Editor in 0.00 ms.
Unloading 5694 Unused Serialized files (Serialized files now loaded: 0)
Unloading 68 unused Assets / (350.6 KB). Loaded Objects now: 6154.
Memory consumption went from 224.5 MB to 224.2 MB.
Total: 3.902400 ms (FindLiveObjects: 0.413100 ms CreateObjectMapping: 0.318600 ms MarkObjects: 2.980000 ms  DeleteObjects: 0.190100 ms)

AssetImportParameters requested are different than current active one (requested -> active):
  custom:container-demuxer-ogg: 62fdf1f143b41e24485cea50d1cbac27 -> 
  custom:video-codec-MediaFoundation-h265: 746d11721c4dcdbdad8f713fa42b33f4 -> 
  custom:video-decoder-ogg-theora: a1e56fd34408186e4bbccfd4996cb3dc -> 
  custom:framework-win-MediaFoundation: 216162199b28c13a410421893ffa2e32 -> 
  custom:CustomObjectIndexerAttribute: a3ef5dd2817f97addfee359851a9dba5 -> 
  custom:container-demuxer-webm: 4f35f7cbe854078d1ac9338744f61a02 -> 
  custom:container-muxer-webm: aa71ff27fc2769a1b78a27578f13a17b -> 
  custom:video-decoder-webm-vp8: 9c59270c3fd7afecdb556c50c9e8de78 -> 
  custom:AudioImporter_EditorPlatform: d09bf68614088b80899f8185d706f6e7 -> 
  custom:video-encoder-webm-vp8: eb34c28f22e8b96e1ab97ce403110664 -> 
  custom:audio-decoder-ogg-vorbis: bf7c407c2cedff20999df2af8eb42d56 -> 
  custom:audio-encoder-webm-vorbis: bf7c407c2cedff20999df2af8eb42d56 -> 
========================================================================
Received Import Request.
  Time since last request: 27324.188723 seconds.
  path: Assets/Art/Models/Arrow_01.fbx
  artifactKey: Guid(4fa68e0d267fb454bafd0a157c2526ce) Importer(815301076,1909f56bfc062723c751e8b465ee728b)
Start importing Assets/Art/Models/Arrow_01.fbx using Guid(4fa68e0d267fb454bafd0a157c2526ce) Importer(815301076,1909f56bfc062723c751e8b465ee728b)  -> (artifact id: '67486d8334762bcdf35b71c4b594b118') in 0.013775 seconds
Number of updated asset objects reloaded before import = 0
Number of asset objects unloaded after import = 6
========================================================================
Received Import Request.
  Time since last request: 28.280953 seconds.
  path: Assets/Art/Models/Warzombie F Pedroso.dae
  artifactKey: Guid(6ee0623a26060f342af80bbc0b9b2512) Importer(815301076,1909f56bfc062723c751e8b465ee728b)
Start importing Assets/Art/Models/Warzombie F Pedroso.dae using Guid(6ee0623a26060f342af80bbc0b9b2512) Importer(815301076,1909f56bfc062723c751e8b465ee728b)  -> (artifact id: '802fbe3d6ae62ebd4807100cf3bc1339') in 0.003890 seconds
Number of updated asset objects reloaded before import = 0
Number of asset objects unloaded after import = 152
========================================================================
Received Import Request.
  Time since last request: 0.025108 seconds.
  path: Assets/Art/Models/WorldWar_zombie_material.mat
  artifactKey: Guid(53eeb7f1191d57f4ba147cc5c7bb6795) Importer(815301076,1909f56bfc062723c751e8b465ee728b)
Start importing Assets/Art/Models/WorldWar_zombie_material.mat using Guid(53eeb7f1191d57f4ba147cc5c7bb6795) Importer(815301076,1909f56bfc062723c751e8b465ee728b)  -> (artifact id: '549f20e34d8bb9f87f8feb08075ff6f0') in 0.000903 seconds
Number of updated asset objects reloaded before import = 0
Number of asset objects unloaded after import = 1
========================================================================
Received Import Request.
  Time since last request: 20.220344 seconds.
  path: Assets/Art/Models/Chaser_textures/world_war_zombie_diffuse.png
  artifactKey: Guid(348bb1869e0beb745bd7e0ceca26a044) Importer(815301076,1909f56bfc062723c751e8b465ee728b)
Start importing Assets/Art/Models/Chaser_textures/world_war_zombie_diffuse.png using Guid(348bb1869e0beb745bd7e0ceca26a044) Importer(815301076,1909f56bfc062723c751e8b465ee728b)  -> (artifact id: 'c5af025db18abc0dcc0e2edfd18e484f') in 0.002827 seconds
Number of updated asset objects reloaded before import = 0
Number of asset objects unloaded after import = 1
========================================================================
Received Import Request.
  Time since last request: 51.550594 seconds.
  path: Assets/Art/Models/WorldWar_zombie_material.mat
  artifactKey: Guid(53eeb7f1191d57f4ba147cc5c7bb6795) Importer(815301076,1909f56bfc062723c751e8b465ee728b)
Start importing Assets/Art/Models/WorldWar_zombie_material.mat using Guid(53eeb7f1191d57f4ba147cc5c7bb6795) Importer(815301076,1909f56bfc062723c751e8b465ee728b)  -> (artifact id: '3e0ca2d25ce265ac4f1b557164160592') in 0.000918 seconds
Number of updated asset objects reloaded before import = 0
Number of asset objects unloaded after import = 1
========================================================================
Received Import Request.
  Time since last request: 19.253742 seconds.
  path: Assets/Art/Models/Ch15_nonPBR.dae
  artifactKey: Guid(8080964201a899b4388a1c54ca74e657) Importer(815301076,1909f56bfc062723c751e8b465ee728b)
Start importing Assets/Art/Models/Ch15_nonPBR.dae using Guid(8080964201a899b4388a1c54ca74e657) Importer(815301076,1909f56bfc062723c751e8b465ee728b)  -> (artifact id: 'f0a8c488442acfc213826b9398be0bd2') in 0.005750 seconds
Number of updated asset objects reloaded before import = 0
Number of asset objects unloaded after import = 138
========================================================================
Received Import Request.
  Time since last request: 0.001023 seconds.
  path: Assets/Art/Models/Ch15_body.mat
  artifactKey: Guid(6517a98f3085ca64eadd6eb7e6e16b35) Importer(815301076,1909f56bfc062723c751e8b465ee728b)
Start importing Assets/Art/Models/Ch15_body.mat using Guid(6517a98f3085ca64eadd6eb7e6e16b35) Importer(815301076,1909f56bfc062723c751e8b465ee728b)  -> (artifact id: '644562fa6ce25393683d64b2011d56fb') in 0.000942 seconds
Number of updated asset objects reloaded before import = 0
Number of asset objects unloaded after import = 1
========================================================================
Received Import Request.
  Time since last request: 6.750836 seconds.
  path: Assets/Art/Models/Player_textures/Ch15_1001_Diffuse.png
  artifactKey: Guid(3dc9d418ed4e9dd418b509ce12c0ea97) Importer(815301076,1909f56bfc062723c751e8b465ee728b)
Start importing Assets/Art/Models/Player_textures/Ch15_1001_Diffuse.png using Guid(3dc9d418ed4e9dd418b509ce12c0ea97) Importer(815301076,1909f56bfc062723c751e8b465ee728b)  -> (artifact id: 'd44e5090c13c4fa0452478d7a404c7a7') in 0.003972 seconds
Number of updated asset objects reloaded before import = 0
Number of asset objects unloaded after import = 1
========================================================================
Received Import Request.
  Time since last request: 0.000849 seconds.
  path: Assets/Art/Models/Player_textures/Ch15_1001_Specular.png
  artifactKey: Guid(d1096374b82619241a5809affea94ca1) Importer(815301076,1909f56bfc062723c751e8b465ee728b)
Start importing Assets/Art/Models/Player_textures/Ch15_1001_Specular.png using Guid(d1096374b82619241a5809affea94ca1) Importer(815301076,1909f56bfc062723c751e8b465ee728b)  -> (artifact id: '64d21e5f52fbb7383ed41805aa83d3ac') in 0.002090 seconds
Number of updated asset objects reloaded before import = 0
Number of asset objects unloaded after import = 1
========================================================================
Received Import Request.
  Time since last request: 0.000013 seconds.
  path: Assets/Art/Models/Player_textures/Ch15_1001_Normal.png
  artifactKey: Guid(6a5da6a7b78747e44910cd2ab8e0f11d) Importer(815301076,1909f56bfc062723c751e8b465ee728b)
Start importing Assets/Art/Models/Player_textures/Ch15_1001_Normal.png using Guid(6a5da6a7b78747e44910cd2ab8e0f11d) Importer(815301076,1909f56bfc062723c751e8b465ee728b)  -> (artifact id: '647356dd2b4f4bcb7e52f442b3f02407') in 0.003121 seconds
Number of updated asset objects reloaded before import = 0
Number of asset objects unloaded after import = 1
========================================================================
Received Import Request.
  Time since last request: 0.005828 seconds.
  path: Assets/Art/Models/Player_textures/Ch15_1002_Glossiness.png
  artifactKey: Guid(bbd3acdc5703c014585371d472a6be52) Importer(815301076,1909f56bfc062723c751e8b465ee728b)
Start importing Assets/Art/Models/Player_textures/Ch15_1002_Glossiness.png using Guid(bbd3acdc5703c014585371d472a6be52) Importer(815301076,1909f56bfc062723c751e8b465ee728b)  -> (artifact id: '809b16fd6f7fd84f060d374af475f98a') in 0.002448 seconds
Number of updated asset objects reloaded before import = 0
Number of asset objects unloaded after import = 1
========================================================================
Received Import Request.
  Time since last request: 0.005753 seconds.
  path: Assets/Art/Models/Player_textures/Ch15_1002_Normal.png
  artifactKey: Guid(e5da02948ab54b848b67bb32c97c77a9) Importer(815301076,1909f56bfc062723c751e8b465ee728b)
Start importing Assets/Art/Models/Player_textures/Ch15_1002_Normal.png using Guid(e5da02948ab54b848b67bb32c97c77a9) Importer(815301076,1909f56bfc062723c751e8b465ee728b)  -> (artifact id: '66f77e4b6fddd9fe5cb58614a820d54e') in 0.003355 seconds
Number of updated asset objects reloaded before import = 0
Number of asset objects unloaded after import = 1
========================================================================
Received Import Request.
  Time since last request: 16.086569 seconds.
  path: Assets/Art/Models/Ch15_body1.mat
  artifactKey: Guid(07239f69760b8b7428af61d98e604ed2) Importer(815301076,1909f56bfc062723c751e8b465ee728b)
Start importing Assets/Art/Models/Ch15_body1.mat using Guid(07239f69760b8b7428af61d98e604ed2) Importer(815301076,1909f56bfc062723c751e8b465ee728b)  -> (artifact id: 'd85f16502806f37e322083f4f7d6ca44') in 0.000950 seconds
Number of updated asset objects reloaded before import = 0
Number of asset objects unloaded after import = 1
========================================================================
Received Import Request.
  Time since last request: 54.810120 seconds.
  path: Assets/Art/Models/Ch15_body.mat
  artifactKey: Guid(6517a98f3085ca64eadd6eb7e6e16b35) Importer(815301076,1909f56bfc062723c751e8b465ee728b)
Start importing Assets/Art/Models/Ch15_body.mat using Guid(6517a98f3085ca64eadd6eb7e6e16b35) Importer(815301076,1909f56bfc062723c751e8b465ee728b)  -> (artifact id: '6dca8ca68e9d64982f506f9edbf5fec3') in 0.000907 seconds
Number of updated asset objects reloaded before import = 0
Number of asset objects unloaded after import = 1
========================================================================
Received Import Request.
  Time since last request: 27.335588 seconds.
  path: Assets/Art/Models/Ch15_body1.mat
  artifactKey: Guid(07239f69760b8b7428af61d98e604ed2) Importer(815301076,1909f56bfc062723c751e8b465ee728b)
Start importing Assets/Art/Models/Ch15_body1.mat using Guid(07239f69760b8b7428af61d98e604ed2) Importer(815301076,1909f56bfc062723c751e8b465ee728b)  -> (artifact id: '50dc3ac3c0dcece24e7cfa9b79e625e5') in 0.000979 seconds
Number of updated asset objects reloaded before import = 0
Number of asset objects unloaded after import = 1
========================================================================
Received Import Request.
  Time since last request: 28.972190 seconds.
  path: Assets/Art/Models/Zombie Running.dae
  artifactKey: Guid(767cd1f729fcff84d8b05164d9704bfd) Importer(815301076,1909f56bfc062723c751e8b465ee728b)
Start importing Assets/Art/Models/Zombie Running.dae using Guid(767cd1f729fcff84d8b05164d9704bfd) Importer(815301076,1909f56bfc062723c751e8b465ee728b)  -> (artifact id: '1e403f8f9b03b91c301819c9d1f44aa3') in 0.003136 seconds
Number of updated asset objects reloaded before import = 0
Number of asset objects unloaded after import = 142
========================================================================
Received Import Request.
  Time since last request: 0.003434 seconds.
  path: Assets/Art/Models/WhiteClown_material.mat
  artifactKey: Guid(34e479df734f0b149a03b26a1f12fd3e) Importer(815301076,1909f56bfc062723c751e8b465ee728b)
Start importing Assets/Art/Models/WhiteClown_material.mat using Guid(34e479df734f0b149a03b26a1f12fd3e) Importer(815301076,1909f56bfc062723c751e8b465ee728b)  -> (artifact id: '7c007445ef09f7ee0926dc18eaef6bd6') in 0.000903 seconds
Number of updated asset objects reloaded before import = 0
Number of asset objects unloaded after import = 1
========================================================================
Received Import Request.
  Time since last request: 6.941294 seconds.
  path: Assets/Art/Models/Kamikaze_textures/whiteclown_diffuse.png
  artifactKey: Guid(6f8c44e6657cc0941ba786d38937dd77) Importer(815301076,1909f56bfc062723c751e8b465ee728b)
Start importing Assets/Art/Models/Kamikaze_textures/whiteclown_diffuse.png using Guid(6f8c44e6657cc0941ba786d38937dd77) Importer(815301076,1909f56bfc062723c751e8b465ee728b)  -> (artifact id: '9c9c0d4e3b2e45975942503610c32044') in 0.002024 seconds
Number of updated asset objects reloaded before import = 0
Number of asset objects unloaded after import = 1
========================================================================
Received Import Request.
  Time since last request: 0.000011 seconds.
  path: Assets/Art/Models/Kamikaze_textures/whiteclown_specular.png
  artifactKey: Guid(b975b379f340f3d4782fad586899cb04) Importer(815301076,1909f56bfc062723c751e8b465ee728b)
Start importing Assets/Art/Models/Kamikaze_textures/whiteclown_specular.png using Guid(b975b379f340f3d4782fad586899cb04) Importer(815301076,1909f56bfc062723c751e8b465ee728b)  -> (artifact id: '5ed9696eb50c1576bec216c154376a9b') in 0.001844 seconds
Number of updated asset objects reloaded before import = 0
Number of asset objects unloaded after import = 1
========================================================================
Received Import Request.
  Time since last request: 15.501482 seconds.
  path: Assets/Art/Models/Kamikaze_textures/whiteclown_normal.png
  artifactKey: Guid(4464d05cf12d8984f8698d62bd7b3e8a) Importer(815301076,1909f56bfc062723c751e8b465ee728b)
Start importing Assets/Art/Models/Kamikaze_textures/whiteclown_normal.png using Guid(4464d05cf12d8984f8698d62bd7b3e8a) Importer(815301076,1909f56bfc062723c751e8b465ee728b)  -> (artifact id: 'f665c847e87967614d577f27021e2510') in 0.002580 seconds
Number of updated asset objects reloaded before import = 0
Number of asset objects unloaded after import = 1
========================================================================
Received Import Request.
  Time since last request: 11.209630 seconds.
  path: Assets/Art/Models/WhiteClown_material.mat
  artifactKey: Guid(34e479df734f0b149a03b26a1f12fd3e) Importer(815301076,1909f56bfc062723c751e8b465ee728b)
Start importing Assets/Art/Models/WhiteClown_material.mat using Guid(34e479df734f0b149a03b26a1f12fd3e) Importer(815301076,1909f56bfc062723c751e8b465ee728b)  -> (artifact id: '023cd6228263a127ba1ba98cbfbbd753') in 0.000943 seconds
Number of updated asset objects reloaded before import = 0
Number of asset objects unloaded after import = 1
========================================================================
Received Import Request.
  Time since last request: 110.875669 seconds.
  path: Assets/Art/Models/Zombie Walk.dae
  artifactKey: Guid(c689bd8e522596e4fb90d400e43e1e2e) Importer(815301076,1909f56bfc062723c751e8b465ee728b)
Start importing Assets/Art/Models/Zombie Walk.dae using Guid(c689bd8e522596e4fb90d400e43e1e2e) Importer(815301076,1909f56bfc062723c751e8b465ee728b)  -> (artifact id: 'dcf2c4d4fb9d12c6c24e34d0deb6fd63') in 0.003947 seconds
Number of updated asset objects reloaded before import = 0
Number of asset objects unloaded after import = 146
========================================================================
Received Import Request.
  Time since last request: 0.003549 seconds.
  path: Assets/Art/Models/survivor_MAT.mat
  artifactKey: Guid(32d9f0f51e0fd40439f8b6d41f1921e6) Importer(815301076,1909f56bfc062723c751e8b465ee728b)
Start importing Assets/Art/Models/survivor_MAT.mat using Guid(32d9f0f51e0fd40439f8b6d41f1921e6) Importer(815301076,1909f56bfc062723c751e8b465ee728b)  -> (artifact id: '722d77834213220d10cd2a862df0969e') in 0.001052 seconds
Number of updated asset objects reloaded before import = 0
Number of asset objects unloaded after import = 1
========================================================================
Received Import Request.
  Time since last request: 8.366027 seconds.
  path: Assets/Art/Models/Archer_textures/Survivor_body_diffuse.png
  artifactKey: Guid(c7bb6893420bc594cba3f678a92ef476) Importer(815301076,1909f56bfc062723c751e8b465ee728b)
Start importing Assets/Art/Models/Archer_textures/Survivor_body_diffuse.png using Guid(c7bb6893420bc594cba3f678a92ef476) Importer(815301076,1909f56bfc062723c751e8b465ee728b)  -> (artifact id: 'dca19d06e7a95aeb8ef149ad80d8681a') in 0.002038 seconds
Number of updated asset objects reloaded before import = 0
Number of asset objects unloaded after import = 1
========================================================================
Received Import Request.
  Time since last request: 0.000018 seconds.
  path: Assets/Art/Models/Archer_textures/Survivor_specular.png
  artifactKey: Guid(6684310349cdf7448a840c8a7afced99) Importer(815301076,1909f56bfc062723c751e8b465ee728b)
Start importing Assets/Art/Models/Archer_textures/Survivor_specular.png using Guid(6684310349cdf7448a840c8a7afced99) Importer(815301076,1909f56bfc062723c751e8b465ee728b)  -> (artifact id: '22ba65ff1950583f60bef8c3d64084f9') in 0.001756 seconds
Number of updated asset objects reloaded before import = 0
Number of asset objects unloaded after import = 1
========================================================================
Received Import Request.
  Time since last request: 40.806836 seconds.
  path: Assets/Art/Models/Archer_textures/Survivor_normal.png
  artifactKey: Guid(e22c3893718a0774dba205b7d25017fd) Importer(815301076,1909f56bfc062723c751e8b465ee728b)
Start importing Assets/Art/Models/Archer_textures/Survivor_normal.png using Guid(e22c3893718a0774dba205b7d25017fd) Importer(815301076,1909f56bfc062723c751e8b465ee728b)  -> (artifact id: 'de818b08b9733c9be8fb5b31da496b43') in 0.003074 seconds
Number of updated asset objects reloaded before import = 0
Number of asset objects unloaded after import = 1
========================================================================
Received Import Request.
  Time since last request: 12.952504 seconds.
  path: Assets/Art/Models/survivor_MAT.mat
  artifactKey: Guid(32d9f0f51e0fd40439f8b6d41f1921e6) Importer(815301076,1909f56bfc062723c751e8b465ee728b)
Start importing Assets/Art/Models/survivor_MAT.mat using Guid(32d9f0f51e0fd40439f8b6d41f1921e6) Importer(815301076,1909f56bfc062723c751e8b465ee728b)  -> (artifact id: '9c17f477768a3c59ea6f03da0e4ec76b') in 0.000971 seconds
Number of updated asset objects reloaded before import = 0
Number of asset objects unloaded after import = 1
========================================================================
Received Import Request.
  Time since last request: 55.749577 seconds.
  path: Assets/Art/Models/survivor_MAT.mat
  artifactKey: Guid(32d9f0f51e0fd40439f8b6d41f1921e6) Importer(815301076,1909f56bfc062723c751e8b465ee728b)
Start importing Assets/Art/Models/survivor_MAT.mat using Guid(32d9f0f51e0fd40439f8b6d41f1921e6) Importer(815301076,1909f56bfc062723c751e8b465ee728b)  -> (artifact id: '01373e764fe247211c9787f09a951377') in 0.001205 seconds
Number of updated asset objects reloaded before import = 0
Number of asset objects unloaded after import = 1
========================================================================
Received Import Request.
  Time since last request: 45.696785 seconds.
  path: Assets/Art/Models/Ch15_body.mat
  artifactKey: Guid(6517a98f3085ca64eadd6eb7e6e16b35) Importer(815301076,1909f56bfc062723c751e8b465ee728b)
Start importing Assets/Art/Models/Ch15_body.mat using Guid(6517a98f3085ca64eadd6eb7e6e16b35) Importer(815301076,1909f56bfc062723c751e8b465ee728b)  -> (artifact id: '80976ec0d9e72087e26b451b62b5bad1') in 0.000919 seconds
Number of updated asset objects reloaded before import = 0
Number of asset objects unloaded after import = 1
========================================================================
Received Import Request.
  Time since last request: 44.705004 seconds.
  path: Assets/Art/Models/Ch15_body1.mat
  artifactKey: Guid(07239f69760b8b7428af61d98e604ed2) Importer(815301076,1909f56bfc062723c751e8b465ee728b)
Start importing Assets/Art/Models/Ch15_body1.mat using Guid(07239f69760b8b7428af61d98e604ed2) Importer(815301076,1909f56bfc062723c751e8b465ee728b)  -> (artifact id: '2ef0fe63d2be05a224a08ee82c516fa2') in 0.000928 seconds
Number of updated asset objects reloaded before import = 0
Number of asset objects unloaded after import = 1
========================================================================
Received Import Request.
  Time since last request: 428.653896 seconds.
  path: Assets/Art/Models/ShoesScan1/scarpa_lowFBX.fbm/Ambient Occlusion Map2K.png
  artifactKey: Guid(72eca83fde8c89c4ba611b2a6a7f7ce0) Importer(815301076,1909f56bfc062723c751e8b465ee728b)
Start importing Assets/Art/Models/ShoesScan1/scarpa_lowFBX.fbm/Ambient Occlusion Map2K.png using Guid(72eca83fde8c89c4ba611b2a6a7f7ce0) Importer(815301076,1909f56bfc062723c751e8b465ee728b)  -> (artifact id: 'f20833780b7d7d60ba7a1b907c6b399d') in 0.002621 seconds
Number of updated asset objects reloaded before import = 0
Number of asset objects unloaded after import = 1
========================================================================
Received Import Request.
  Time since last request: 0.000013 seconds.
  path: Assets/Art/Models/Ball Pack/Models/Textures/BombBall.png
  artifactKey: Guid(6baf704df9aa55046a9553124c407683) Importer(815301076,1909f56bfc062723c751e8b465ee728b)
Start importing Assets/Art/Models/Ball Pack/Models/Textures/BombBall.png using Guid(6baf704df9aa55046a9553124c407683) Importer(815301076,1909f56bfc062723c751e8b465ee728b)  -> (artifact id: 'cb46ebda2da7ad4b1e619a23ce024393') in 0.001287 seconds
Number of updated asset objects reloaded before import = 0
Number of asset objects unloaded after import = 1
========================================================================
Received Import Request.
  Time since last request: 597.522668 seconds.
  path: Assets/Art/Models/Ch15_body.mat
  artifactKey: Guid(6517a98f3085ca64eadd6eb7e6e16b35) Importer(815301076,1909f56bfc062723c751e8b465ee728b)
Start importing Assets/Art/Models/Ch15_body.mat using Guid(6517a98f3085ca64eadd6eb7e6e16b35) Importer(815301076,1909f56bfc062723c751e8b465ee728b)  -> (artifact id: 'c630da360cdf9185c61ba40113cabb62') in 0.001127 seconds
Number of updated asset objects reloaded before import = 0
Number of asset objects unloaded after import = 1
========================================================================
Received Import Request.
  Time since last request: 57.851059 seconds.
  path: Assets/Prefabs
  artifactKey: Guid(ac8812dbf920c3f4dbce20d3c0f2c0a4) Importer(815301076,1909f56bfc062723c751e8b465ee728b)
Start importing Assets/Prefabs using Guid(ac8812dbf920c3f4dbce20d3c0f2c0a4) Importer(815301076,1909f56bfc062723c751e8b465ee728b)  -> (artifact id: 'e9e8cafb4747a500497389d1141cf892') in 0.000386 seconds
Number of updated asset objects reloaded before import = 0
Number of asset objects unloaded after import = 0
========================================================================
Received Import Request.
  Time since last request: 0.062278 seconds.
  path: Assets/Prefabs/Archer Enemy.prefab
  artifactKey: Guid(e83a1cae577819a44b0815537a4b592a) Importer(815301076,1909f56bfc062723c751e8b465ee728b)
Start importing Assets/Prefabs/Archer Enemy.prefab using Guid(e83a1cae577819a44b0815537a4b592a) Importer(815301076,1909f56bfc062723c751e8b465ee728b)  -> (artifact id: '0e81daf0edb89401d020e00c438579e4') in 0.013435 seconds
Number of updated asset objects reloaded before import = 0
Number of asset objects unloaded after import = 38
========================================================================
Received Import Request.
  Time since last request: 0.000011 seconds.
  path: Assets/Prefabs/UI.prefab
  artifactKey: Guid(0a7a177611fb72d4ca3288ada67d7cc0) Importer(815301076,1909f56bfc062723c751e8b465ee728b)
Start importing Assets/Prefabs/UI.prefab using Guid(0a7a177611fb72d4ca3288ada67d7cc0) Importer(815301076,1909f56bfc062723c751e8b465ee728b)  -> (artifact id: 'e988901662254c077be3ea49b561bb43') in 0.031663 seconds
Number of updated asset objects reloaded before import = 0
Number of asset objects unloaded after import = 99
========================================================================
Received Import Request.
  Time since last request: 0.000012 seconds.
  path: Assets/Prefabs/Speed.prefab
  artifactKey: Guid(eb94977f88fa27c4a8bdbcbd7bc844c9) Importer(815301076,1909f56bfc062723c751e8b465ee728b)
Start importing Assets/Prefabs/Speed.prefab using Guid(eb94977f88fa27c4a8bdbcbd7bc844c9) Importer(815301076,1909f56bfc062723c751e8b465ee728b)  -> (artifact id: '60c210917cc4e98341f2f446a2802347') in 0.002377 seconds
Number of updated asset objects reloaded before import = 0
Number of asset objects unloaded after import = 8
========================================================================
Received Import Request.
  Time since last request: 2.380710 seconds.
  path: Assets/Art/Materials/Enemies/Archer.mat
  artifactKey: Guid(feee9cd3211e3d54e81aa39486f4a4fc) Importer(815301076,1909f56bfc062723c751e8b465ee728b)
Start importing Assets/Art/Materials/Enemies/Archer.mat using Guid(feee9cd3211e3d54e81aa39486f4a4fc) Importer(815301076,1909f56bfc062723c751e8b465ee728b)  -> (artifact id: 'ea295882b1c01c32d399a03c4bb08b49') in 0.000978 seconds
Number of updated asset objects reloaded before import = 0
Number of asset objects unloaded after import = 1
========================================================================
Received Import Request.
  Time since last request: 0.000011 seconds.
  path: Assets/Art/Materials/Enemies/Enemy Eyes.mat
  artifactKey: Guid(a42ef8591b77ff74da722b318ace8ac3) Importer(815301076,1909f56bfc062723c751e8b465ee728b)
Start importing Assets/Art/Materials/Enemies/Enemy Eyes.mat using Guid(a42ef8591b77ff74da722b318ace8ac3) Importer(815301076,1909f56bfc062723c751e8b465ee728b)  -> (artifact id: '7f226989d39e20c09b9757d7ea22c24b') in 0.000837 seconds
Number of updated asset objects reloaded before import = 0
Number of asset objects unloaded after import = 1
========================================================================
Received Import Request.
  Time since last request: 0.000012 seconds.
  path: Assets/Art/Materials/Enemies/Kamikaze.mat
  artifactKey: Guid(16178bda4c2edb04794c7c86fd67ad4d) Importer(815301076,1909f56bfc062723c751e8b465ee728b)
Start importing Assets/Art/Materials/Enemies/Kamikaze.mat using Guid(16178bda4c2edb04794c7c86fd67ad4d) Importer(815301076,1909f56bfc062723c751e8b465ee728b)  -> (artifact id: '6a690087c78e6aa613e92a4f57a88aaf') in 0.000889 seconds
Number of updated asset objects reloaded before import = 0
Number of asset objects unloaded after import = 1
========================================================================
Received Import Request.
  Time since last request: 110.249565 seconds.
  path: Assets/Art/Models/Ch15_body1.mat
  artifactKey: Guid(07239f69760b8b7428af61d98e604ed2) Importer(815301076,1909f56bfc062723c751e8b465ee728b)
Start importing Assets/Art/Models/Ch15_body1.mat using Guid(07239f69760b8b7428af61d98e604ed2) Importer(815301076,1909f56bfc062723c751e8b465ee728b)  -> (artifact id: '9b58996d157292963ed8b6ed1602cc23') in 0.001131 seconds
Number of updated asset objects reloaded before import = 0
Number of asset objects unloaded after import = 1
========================================================================
Received Import Request.
  Time since last request: 12.960509 seconds.
  path: Assets/Prefabs/Archer Enemy.prefab
  artifactKey: Guid(e83a1cae577819a44b0815537a4b592a) Importer(815301076,1909f56bfc062723c751e8b465ee728b)
Start importing Assets/Prefabs/Archer Enemy.prefab using Guid(e83a1cae577819a44b0815537a4b592a) Importer(815301076,1909f56bfc062723c751e8b465ee728b)  -> (artifact id: '21cb669bcd6e9b6285ebe5241c426f66') in 0.002749 seconds
Number of updated asset objects reloaded before import = 0
Number of asset objects unloaded after import = 38
========================================================================
Received Import Request.
  Time since last request: 14.176728 seconds.
  path: Assets/Art/Models/Chaser_textures/world_war_zombie_normal.png
  artifactKey: Guid(66b95ba6703910f4ab30f195f4230315) Importer(815301076,1909f56bfc062723c751e8b465ee728b)
Start importing Assets/Art/Models/Chaser_textures/world_war_zombie_normal.png using Guid(66b95ba6703910f4ab30f195f4230315) Importer(815301076,1909f56bfc062723c751e8b465ee728b)  -> (artifact id: 'b63ae288adaf95868287473f85f23907') in 0.002786 seconds
Number of updated asset objects reloaded before import = 0
Number of asset objects unloaded after import = 1
========================================================================
Received Import Request.
  Time since last request: 32.854253 seconds.
  path: Assets/Prefabs/Chaser Enemy.prefab
  artifactKey: Guid(0d8e0064c466aa24cbfd152022c84d15) Importer(815301076,1909f56bfc062723c751e8b465ee728b)
Start importing Assets/Prefabs/Chaser Enemy.prefab using Guid(0d8e0064c466aa24cbfd152022c84d15) Importer(815301076,1909f56bfc062723c751e8b465ee728b)  -> (artifact id: '3110a862787fceaddbc0c0cd9d3abc21') in 0.002744 seconds
Number of updated asset objects reloaded before import = 0
Number of asset objects unloaded after import = 30
========================================================================
Received Prepare
Begin MonoManager ReloadAssembly
Symbol file LoadedFromMemory doesn't match image D:\Cosas Maty\Da Vinci\Cuatrimestre 4\Aplicación de Motores II\TP_Aplicacion_Motores_2\TP1_AM2\Library\PackageCache\com.unity.visualscripting@1.8.0\Editor\VisualScripting.Core\Dependencies\YamlDotNet\Unity.VisualScripting.YamlDotNet.dll
Symbol file LoadedFromMemory doesn't match image D:\Cosas Maty\Da Vinci\Cuatrimestre 4\Aplicación de Motores II\TP_Aplicacion_Motores_2\TP1_AM2\Library\PackageCache\com.unity.visualscripting@1.8.0\Editor\VisualScripting.Core\Dependencies\DotNetZip\Unity.VisualScripting.IonicZip.dll
Symbol file LoadedFromMemory is not a mono symbol file
- Loaded All Assemblies, in  0.598 seconds
Refreshing native plugins compatible for Editor in 3.80 ms, found 3 plugins.
Native extension for WindowsStandalone target not found
Native extension for Android target not found
Mono: successfully reloaded assembly
- Finished resetting the current domain, in  1.038 seconds
Domain Reload Profiling: 1634ms
	BeginReloadAssembly (123ms)
		ExecutionOrderSort (0ms)
		DisableScriptedObjects (3ms)
		BackupInstance (0ms)
		ReleaseScriptingObjects (0ms)
		CreateAndSetChildDomain (42ms)
	RebuildCommonClasses (24ms)
	RebuildNativeTypeToScriptingClass (8ms)
	initialDomainReloadingComplete (25ms)
	LoadAllAssembliesAndSetupDomain (415ms)
		LoadAssemblies (238ms)
		RebuildTransferFunctionScriptingTraits (0ms)
		AnalyzeDomain (222ms)
			TypeCache.Refresh (215ms)
				TypeCache.ScanAssembly (202ms)
			ScanForSourceGeneratedMonoScriptInfo (0ms)
			ResolveRequiredComponents (7ms)
	FinalizeReload (1039ms)
		ReleaseScriptCaches (0ms)
		RebuildScriptCaches (0ms)
		SetupLoadedEditorAssemblies (430ms)
			LogAssemblyErrors (0ms)
			InitializePlatformSupportModulesInManaged (19ms)
			SetLoadedEditorAssemblies (2ms)
			RefreshPlugins (0ms)
			BeforeProcessingInitializeOnLoad (67ms)
			ProcessInitializeOnLoadAttributes (292ms)
			ProcessInitializeOnLoadMethodAttributes (43ms)
			AfterProcessingInitializeOnLoad (6ms)
			EditorAssembliesLoaded (0ms)
		ExecutionOrderSort2 (0ms)
		AwakeInstancesAfterBackupRestoration (7ms)
Refreshing native plugins compatible for Editor in 5.07 ms, found 3 plugins.
Preloading 0 native plugins for Editor in 0.00 ms.
Unloading 5533 Unused Serialized files (Serialized files now loaded: 0)
Unloading 45 unused Assets / (321.7 KB). Loaded Objects now: 6159.
Memory consumption went from 195.3 MB to 195.0 MB.
Total: 4.726300 ms (FindLiveObjects: 0.481500 ms CreateObjectMapping: 0.314000 ms MarkObjects: 3.806800 ms  DeleteObjects: 0.123200 ms)

Prepare: number of updated asset objects reloaded= 0
AssetImportParameters requested are different than current active one (requested -> active):
  custom:container-demuxer-ogg: 62fdf1f143b41e24485cea50d1cbac27 -> 
  custom:video-codec-MediaFoundation-h265: 746d11721c4dcdbdad8f713fa42b33f4 -> 
  custom:video-decoder-ogg-theora: a1e56fd34408186e4bbccfd4996cb3dc -> 
  custom:framework-win-MediaFoundation: 216162199b28c13a410421893ffa2e32 -> 
  custom:CustomObjectIndexerAttribute: a3ef5dd2817f97addfee359851a9dba5 -> 
  custom:container-demuxer-webm: 4f35f7cbe854078d1ac9338744f61a02 -> 
  custom:container-muxer-webm: aa71ff27fc2769a1b78a27578f13a17b -> 
  custom:video-decoder-webm-vp8: 9c59270c3fd7afecdb556c50c9e8de78 -> 
  custom:AudioImporter_EditorPlatform: d09bf68614088b80899f8185d706f6e7 -> 
  custom:video-encoder-webm-vp8: eb34c28f22e8b96e1ab97ce403110664 -> 
  custom:audio-decoder-ogg-vorbis: bf7c407c2cedff20999df2af8eb42d56 -> 
  custom:audio-encoder-webm-vorbis: bf7c407c2cedff20999df2af8eb42d56 -> 
========================================================================
Received Import Request.
  Time since last request: 54.369641 seconds.
  path: Assets/Prefabs/Kamikaze Enemy.prefab
  artifactKey: Guid(5cbaa0d8bd6ee644da184db80263cbeb) Importer(815301076,1909f56bfc062723c751e8b465ee728b)
Start importing Assets/Prefabs/Kamikaze Enemy.prefab using Guid(5cbaa0d8bd6ee644da184db80263cbeb) Importer(815301076,1909f56bfc062723c751e8b465ee728b)  -> (artifact id: 'd711ba8ab12459ac4726309439344254') in 0.024127 seconds
Number of updated asset objects reloaded before import = 0
Number of asset objects unloaded after import = 43
========================================================================
Received Import Request.
  Time since last request: 10.603721 seconds.
  path: Assets/Prefabs/Archer Enemy.prefab
  artifactKey: Guid(e83a1cae577819a44b0815537a4b592a) Importer(815301076,1909f56bfc062723c751e8b465ee728b)
Start importing Assets/Prefabs/Archer Enemy.prefab using Guid(e83a1cae577819a44b0815537a4b592a) Importer(815301076,1909f56bfc062723c751e8b465ee728b)  -> (artifact id: '3c48770df57f1468671350f70bd37581') in 0.003550 seconds
Number of updated asset objects reloaded before import = 0
Number of asset objects unloaded after import = 39
========================================================================
Received Import Request.
  Time since last request: 1.770335 seconds.
  path: Assets/Prefabs/Archer Enemy.prefab
  artifactKey: Guid(e83a1cae577819a44b0815537a4b592a) Importer(815301076,1909f56bfc062723c751e8b465ee728b)
Start importing Assets/Prefabs/Archer Enemy.prefab using Guid(e83a1cae577819a44b0815537a4b592a) Importer(815301076,1909f56bfc062723c751e8b465ee728b)  -> (artifact id: 'e6fbe5ac481429008f369ce6be1c79f2') in 0.003503 seconds
Number of updated asset objects reloaded before import = 0
Number of asset objects unloaded after import = 39
========================================================================
Received Import Request.
  Time since last request: 2.498457 seconds.
  path: Assets/Prefabs/Archer Enemy.prefab
  artifactKey: Guid(e83a1cae577819a44b0815537a4b592a) Importer(815301076,1909f56bfc062723c751e8b465ee728b)
Start importing Assets/Prefabs/Archer Enemy.prefab using Guid(e83a1cae577819a44b0815537a4b592a) Importer(815301076,1909f56bfc062723c751e8b465ee728b)  -> (artifact id: '789c28c3f82c7008f0a04fd5ca784f49') in 0.002972 seconds
Number of updated asset objects reloaded before import = 0
Number of asset objects unloaded after import = 39
========================================================================
Received Import Request.
  Time since last request: 1.607115 seconds.
  path: Assets/Prefabs/Archer Enemy.prefab
  artifactKey: Guid(e83a1cae577819a44b0815537a4b592a) Importer(815301076,1909f56bfc062723c751e8b465ee728b)
Start importing Assets/Prefabs/Archer Enemy.prefab using Guid(e83a1cae577819a44b0815537a4b592a) Importer(815301076,1909f56bfc062723c751e8b465ee728b)  -> (artifact id: '9bc8097dac5ecf4df565688e6e00237b') in 0.003163 seconds
Number of updated asset objects reloaded before import = 0
Number of asset objects unloaded after import = 39
========================================================================
Received Import Request.
  Time since last request: 0.388348 seconds.
  path: Assets/Prefabs/Archer Enemy.prefab
  artifactKey: Guid(e83a1cae577819a44b0815537a4b592a) Importer(815301076,1909f56bfc062723c751e8b465ee728b)
Start importing Assets/Prefabs/Archer Enemy.prefab using Guid(e83a1cae577819a44b0815537a4b592a) Importer(815301076,1909f56bfc062723c751e8b465ee728b)  -> (artifact id: '97d4cdf240fcbad53593ee9346c39b2a') in 0.002921 seconds
Number of updated asset objects reloaded before import = 0
Number of asset objects unloaded after import = 39
========================================================================
Received Import Request.
  Time since last request: 0.392464 seconds.
  path: Assets/Prefabs/Archer Enemy.prefab
  artifactKey: Guid(e83a1cae577819a44b0815537a4b592a) Importer(815301076,1909f56bfc062723c751e8b465ee728b)
Start importing Assets/Prefabs/Archer Enemy.prefab using Guid(e83a1cae577819a44b0815537a4b592a) Importer(815301076,1909f56bfc062723c751e8b465ee728b)  -> (artifact id: 'bf7b8a0586d7db2561bcaa0e6bd6ddb8') in 0.002955 seconds
Number of updated asset objects reloaded before import = 0
Number of asset objects unloaded after import = 39
========================================================================
Received Import Request.
  Time since last request: 4.428470 seconds.
  path: Assets/Prefabs/Archer Enemy.prefab
  artifactKey: Guid(e83a1cae577819a44b0815537a4b592a) Importer(815301076,1909f56bfc062723c751e8b465ee728b)
Start importing Assets/Prefabs/Archer Enemy.prefab using Guid(e83a1cae577819a44b0815537a4b592a) Importer(815301076,1909f56bfc062723c751e8b465ee728b)  -> (artifact id: '38973da61dfb3dd14bbb3da0493a94d7') in 0.003269 seconds
Number of updated asset objects reloaded before import = 0
Number of asset objects unloaded after import = 39
========================================================================
Received Import Request.
  Time since last request: 8.194330 seconds.
  path: Assets/Prefabs/Chaser Enemy.prefab
  artifactKey: Guid(0d8e0064c466aa24cbfd152022c84d15) Importer(815301076,1909f56bfc062723c751e8b465ee728b)
Start importing Assets/Prefabs/Chaser Enemy.prefab using Guid(0d8e0064c466aa24cbfd152022c84d15) Importer(815301076,1909f56bfc062723c751e8b465ee728b)  -> (artifact id: 'f9c90fa55b6e046c4fa7e333194b99f3') in 0.002487 seconds
Number of updated asset objects reloaded before import = 0
Number of asset objects unloaded after import = 31
========================================================================
Received Import Request.
  Time since last request: 2.315044 seconds.
  path: Assets/Prefabs/Chaser Enemy.prefab
  artifactKey: Guid(0d8e0064c466aa24cbfd152022c84d15) Importer(815301076,1909f56bfc062723c751e8b465ee728b)
Start importing Assets/Prefabs/Chaser Enemy.prefab using Guid(0d8e0064c466aa24cbfd152022c84d15) Importer(815301076,1909f56bfc062723c751e8b465ee728b)  -> (artifact id: '6c9e7c7a3cac26220762559540b8b8be') in 0.002942 seconds
Number of updated asset objects reloaded before import = 0
Number of asset objects unloaded after import = 31
========================================================================
Received Import Request.
  Time since last request: 2.492000 seconds.
  path: Assets/Prefabs/Chaser Enemy.prefab
  artifactKey: Guid(0d8e0064c466aa24cbfd152022c84d15) Importer(815301076,1909f56bfc062723c751e8b465ee728b)
Start importing Assets/Prefabs/Chaser Enemy.prefab using Guid(0d8e0064c466aa24cbfd152022c84d15) Importer(815301076,1909f56bfc062723c751e8b465ee728b)  -> (artifact id: '21cf3d198c0382989a525917234f64bb') in 0.002698 seconds
Number of updated asset objects reloaded before import = 0
Number of asset objects unloaded after import = 31
========================================================================
Received Import Request.
  Time since last request: 4.638829 seconds.
  path: Assets/Prefabs/Kamikaze Enemy.prefab
  artifactKey: Guid(5cbaa0d8bd6ee644da184db80263cbeb) Importer(815301076,1909f56bfc062723c751e8b465ee728b)
Start importing Assets/Prefabs/Kamikaze Enemy.prefab using Guid(5cbaa0d8bd6ee644da184db80263cbeb) Importer(815301076,1909f56bfc062723c751e8b465ee728b)  -> (artifact id: '405584c6017ba9e8a7c2f9eb1f2c0c4f') in 0.002909 seconds
Number of updated asset objects reloaded before import = 0
Number of asset objects unloaded after import = 44
========================================================================
Received Import Request.
  Time since last request: 1.864477 seconds.
  path: Assets/Prefabs/Kamikaze Enemy.prefab
  artifactKey: Guid(5cbaa0d8bd6ee644da184db80263cbeb) Importer(815301076,1909f56bfc062723c751e8b465ee728b)
Start importing Assets/Prefabs/Kamikaze Enemy.prefab using Guid(5cbaa0d8bd6ee644da184db80263cbeb) Importer(815301076,1909f56bfc062723c751e8b465ee728b)  -> (artifact id: '1352560ea15c39232ca14479e8d5d212') in 0.003130 seconds
Number of updated asset objects reloaded before import = 0
Number of asset objects unloaded after import = 44
========================================================================
Received Import Request.
  Time since last request: 2.578595 seconds.
  path: Assets/Prefabs/Kamikaze Enemy.prefab
  artifactKey: Guid(5cbaa0d8bd6ee644da184db80263cbeb) Importer(815301076,1909f56bfc062723c751e8b465ee728b)
Start importing Assets/Prefabs/Kamikaze Enemy.prefab using Guid(5cbaa0d8bd6ee644da184db80263cbeb) Importer(815301076,1909f56bfc062723c751e8b465ee728b)  -> (artifact id: '1a6ee332a275d455669116fdbf1cdca6') in 0.002965 seconds
Number of updated asset objects reloaded before import = 0
Number of asset objects unloaded after import = 44
========================================================================
Received Import Request.
  Time since last request: 26.113384 seconds.
  path: Assets
  artifactKey: Guid(00000000000000001000000000000000) Importer(815301076,1909f56bfc062723c751e8b465ee728b)
Start importing Assets using Guid(00000000000000001000000000000000) Importer(815301076,1909f56bfc062723c751e8b465ee728b)  -> (artifact id: '8a4fe85251aa2e89732c359432baa2c3') in 0.000442 seconds
Number of updated asset objects reloaded before import = 0
Number of asset objects unloaded after import = 0
========================================================================
Received Import Request.
  Time since last request: 6.951335 seconds.
  path: Assets/PM_Base.physicMaterial
  artifactKey: Guid(3e53cf5ac719e6e49ae73630996d852d) Importer(815301076,1909f56bfc062723c751e8b465ee728b)
Start importing Assets/PM_Base.physicMaterial using Guid(3e53cf5ac719e6e49ae73630996d852d) Importer(815301076,1909f56bfc062723c751e8b465ee728b)  -> (artifact id: '2b7384aa38e57dd1b2ea6fa02d03bb0d') in 0.000834 seconds
Number of updated asset objects reloaded before import = 0
Number of asset objects unloaded after import = 1
========================================================================
Received Import Request.
  Time since last request: 8.533476 seconds.
  path: Assets/PM_Base.physicMaterial
  artifactKey: Guid(3e53cf5ac719e6e49ae73630996d852d) Importer(815301076,1909f56bfc062723c751e8b465ee728b)
Start importing Assets/PM_Base.physicMaterial using Guid(3e53cf5ac719e6e49ae73630996d852d) Importer(815301076,1909f56bfc062723c751e8b465ee728b)  -> (artifact id: 'f1b7cbd5df9403fe0ed7995b0592b62c') in 0.000867 seconds
Number of updated asset objects reloaded before import = 0
Number of asset objects unloaded after import = 1
========================================================================
Received Import Request.
  Time since last request: 23.810262 seconds.
  path: Assets/Prefabs/Archer Enemy.prefab
  artifactKey: Guid(e83a1cae577819a44b0815537a4b592a) Importer(815301076,1909f56bfc062723c751e8b465ee728b)
Start importing Assets/Prefabs/Archer Enemy.prefab using Guid(e83a1cae577819a44b0815537a4b592a) Importer(815301076,1909f56bfc062723c751e8b465ee728b)  -> (artifact id: '2c64cdda1ec1e8aa9b744cbcb60d47fc') in 0.002713 seconds
Number of updated asset objects reloaded before import = 0
Number of asset objects unloaded after import = 39
========================================================================
Received Import Request.
  Time since last request: 9.665782 seconds.
  path: Assets/Prefabs/Chaser Enemy.prefab
  artifactKey: Guid(0d8e0064c466aa24cbfd152022c84d15) Importer(815301076,1909f56bfc062723c751e8b465ee728b)
Start importing Assets/Prefabs/Chaser Enemy.prefab using Guid(0d8e0064c466aa24cbfd152022c84d15) Importer(815301076,1909f56bfc062723c751e8b465ee728b)  -> (artifact id: 'c093ed92a2ea95921c3c099db7287dd6') in 0.002355 seconds
Number of updated asset objects reloaded before import = 0
Number of asset objects unloaded after import = 31
========================================================================
Received Prepare
Begin MonoManager ReloadAssembly
Symbol file LoadedFromMemory doesn't match image D:\Cosas Maty\Da Vinci\Cuatrimestre 4\Aplicación de Motores II\TP_Aplicacion_Motores_2\TP1_AM2\Library\PackageCache\com.unity.visualscripting@1.8.0\Editor\VisualScripting.Core\Dependencies\YamlDotNet\Unity.VisualScripting.YamlDotNet.dll
Symbol file LoadedFromMemory doesn't match image D:\Cosas Maty\Da Vinci\Cuatrimestre 4\Aplicación de Motores II\TP_Aplicacion_Motores_2\TP1_AM2\Library\PackageCache\com.unity.visualscripting@1.8.0\Editor\VisualScripting.Core\Dependencies\DotNetZip\Unity.VisualScripting.IonicZip.dll
Symbol file LoadedFromMemory is not a mono symbol file
- Loaded All Assemblies, in  0.610 seconds
Refreshing native plugins compatible for Editor in 3.69 ms, found 3 plugins.
Native extension for WindowsStandalone target not found
Native extension for Android target not found
Mono: successfully reloaded assembly
- Finished resetting the current domain, in  1.036 seconds
Domain Reload Profiling: 1644ms
	BeginReloadAssembly (127ms)
		ExecutionOrderSort (0ms)
		DisableScriptedObjects (3ms)
		BackupInstance (0ms)
		ReleaseScriptingObjects (0ms)
		CreateAndSetChildDomain (43ms)
	RebuildCommonClasses (28ms)
	RebuildNativeTypeToScriptingClass (8ms)
	initialDomainReloadingComplete (25ms)
	LoadAllAssembliesAndSetupDomain (419ms)
		LoadAssemblies (243ms)
		RebuildTransferFunctionScriptingTraits (0ms)
		AnalyzeDomain (225ms)
			TypeCache.Refresh (214ms)
				TypeCache.ScanAssembly (201ms)
			ScanForSourceGeneratedMonoScriptInfo (0ms)
			ResolveRequiredComponents (10ms)
	FinalizeReload (1036ms)
		ReleaseScriptCaches (0ms)
		RebuildScriptCaches (0ms)
		SetupLoadedEditorAssemblies (427ms)
			LogAssemblyErrors (0ms)
			InitializePlatformSupportModulesInManaged (18ms)
			SetLoadedEditorAssemblies (3ms)
			RefreshPlugins (0ms)
			BeforeProcessingInitializeOnLoad (62ms)
			ProcessInitializeOnLoadAttributes (294ms)
			ProcessInitializeOnLoadMethodAttributes (44ms)
			AfterProcessingInitializeOnLoad (6ms)
			EditorAssembliesLoaded (0ms)
		ExecutionOrderSort2 (0ms)
		AwakeInstancesAfterBackupRestoration (8ms)
Refreshing native plugins compatible for Editor in 3.88 ms, found 3 plugins.
Preloading 0 native plugins for Editor in 0.00 ms.
Unloading 5533 Unused Serialized files (Serialized files now loaded: 0)
Unloading 45 unused Assets / (321.9 KB). Loaded Objects now: 6164.
Memory consumption went from 195.4 MB to 195.1 MB.
Total: 4.887300 ms (FindLiveObjects: 0.451100 ms CreateObjectMapping: 0.323200 ms MarkObjects: 3.948400 ms  DeleteObjects: 0.163900 ms)

Prepare: number of updated asset objects reloaded= 0
AssetImportParameters requested are different than current active one (requested -> active):
  custom:container-demuxer-ogg: 62fdf1f143b41e24485cea50d1cbac27 -> 
  custom:video-codec-MediaFoundation-h265: 746d11721c4dcdbdad8f713fa42b33f4 -> 
  custom:video-decoder-ogg-theora: a1e56fd34408186e4bbccfd4996cb3dc -> 
  custom:framework-win-MediaFoundation: 216162199b28c13a410421893ffa2e32 -> 
  custom:CustomObjectIndexerAttribute: a3ef5dd2817f97addfee359851a9dba5 -> 
  custom:container-demuxer-webm: 4f35f7cbe854078d1ac9338744f61a02 -> 
  custom:container-muxer-webm: aa71ff27fc2769a1b78a27578f13a17b -> 
  custom:video-decoder-webm-vp8: 9c59270c3fd7afecdb556c50c9e8de78 -> 
  custom:AudioImporter_EditorPlatform: d09bf68614088b80899f8185d706f6e7 -> 
  custom:video-encoder-webm-vp8: eb34c28f22e8b96e1ab97ce403110664 -> 
  custom:audio-decoder-ogg-vorbis: bf7c407c2cedff20999df2af8eb42d56 -> 
  custom:audio-encoder-webm-vorbis: bf7c407c2cedff20999df2af8eb42d56 -> 
========================================================================
Received Import Request.
  Time since last request: 55.851798 seconds.
  path: Assets/Prefabs/Kamikaze Enemy.prefab
  artifactKey: Guid(5cbaa0d8bd6ee644da184db80263cbeb) Importer(815301076,1909f56bfc062723c751e8b465ee728b)
Start importing Assets/Prefabs/Kamikaze Enemy.prefab using Guid(5cbaa0d8bd6ee644da184db80263cbeb) Importer(815301076,1909f56bfc062723c751e8b465ee728b)  -> (artifact id: '43f4c9603543c421b7fbd6395438482b') in 0.020769 seconds
Number of updated asset objects reloaded before import = 0
Number of asset objects unloaded after import = 44
========================================================================
Received Import Request.
  Time since last request: 3.594003 seconds.
  path: Assets/Prefabs/Archer Enemy.prefab
  artifactKey: Guid(e83a1cae577819a44b0815537a4b592a) Importer(815301076,1909f56bfc062723c751e8b465ee728b)
Start importing Assets/Prefabs/Archer Enemy.prefab using Guid(e83a1cae577819a44b0815537a4b592a) Importer(815301076,1909f56bfc062723c751e8b465ee728b)  -> (artifact id: '28b339af68763d93ee119b4c8cdd87f8') in 0.003435 seconds
Number of updated asset objects reloaded before import = 0
Number of asset objects unloaded after import = 39
========================================================================
Received Import Request.
  Time since last request: 0.337522 seconds.
  path: Assets/Prefabs/Archer Enemy.prefab
  artifactKey: Guid(e83a1cae577819a44b0815537a4b592a) Importer(815301076,1909f56bfc062723c751e8b465ee728b)
Start importing Assets/Prefabs/Archer Enemy.prefab using Guid(e83a1cae577819a44b0815537a4b592a) Importer(815301076,1909f56bfc062723c751e8b465ee728b)  -> (artifact id: '8fe451f9f4ca19a4f072ad644f7ecf5a') in 0.003630 seconds
Number of updated asset objects reloaded before import = 0
Number of asset objects unloaded after import = 39
========================================================================
Received Import Request.
  Time since last request: 0.393925 seconds.
  path: Assets/Prefabs/Archer Enemy.prefab
  artifactKey: Guid(e83a1cae577819a44b0815537a4b592a) Importer(815301076,1909f56bfc062723c751e8b465ee728b)
Start importing Assets/Prefabs/Archer Enemy.prefab using Guid(e83a1cae577819a44b0815537a4b592a) Importer(815301076,1909f56bfc062723c751e8b465ee728b)  -> (artifact id: 'da9c06af6ce6cd6fbc09006afbf2795c') in 0.002786 seconds
Number of updated asset objects reloaded before import = 0
Number of asset objects unloaded after import = 39
========================================================================
Received Import Request.
  Time since last request: 2.203632 seconds.
  path: Assets/Prefabs/Archer Enemy.prefab
  artifactKey: Guid(e83a1cae577819a44b0815537a4b592a) Importer(815301076,1909f56bfc062723c751e8b465ee728b)
Start importing Assets/Prefabs/Archer Enemy.prefab using Guid(e83a1cae577819a44b0815537a4b592a) Importer(815301076,1909f56bfc062723c751e8b465ee728b)  -> (artifact id: '0450f8ab32676853de828712943fa149') in 0.002812 seconds
Number of updated asset objects reloaded before import = 0
Number of asset objects unloaded after import = 39
========================================================================
Received Import Request.
  Time since last request: 0.799560 seconds.
  path: Assets/Prefabs/Archer Enemy.prefab
  artifactKey: Guid(e83a1cae577819a44b0815537a4b592a) Importer(815301076,1909f56bfc062723c751e8b465ee728b)
Start importing Assets/Prefabs/Archer Enemy.prefab using Guid(e83a1cae577819a44b0815537a4b592a) Importer(815301076,1909f56bfc062723c751e8b465ee728b)  -> (artifact id: '367f5b5de5bdc2b8b767114a3d37ae9a') in 0.002892 seconds
Number of updated asset objects reloaded before import = 0
Number of asset objects unloaded after import = 39
========================================================================
Received Import Request.
  Time since last request: 22.664796 seconds.
  path: Assets/Prefabs/Archer Enemy.prefab
  artifactKey: Guid(e83a1cae577819a44b0815537a4b592a) Importer(815301076,1909f56bfc062723c751e8b465ee728b)
Start importing Assets/Prefabs/Archer Enemy.prefab using Guid(e83a1cae577819a44b0815537a4b592a) Importer(815301076,1909f56bfc062723c751e8b465ee728b)  -> (artifact id: '30445abf91f282d1f4e88a708218101e') in 0.002992 seconds
Number of updated asset objects reloaded before import = 0
Number of asset objects unloaded after import = 39
========================================================================
Received Import Request.
  Time since last request: 8.443079 seconds.
  path: Assets/Prefabs/Chaser Enemy.prefab
  artifactKey: Guid(0d8e0064c466aa24cbfd152022c84d15) Importer(815301076,1909f56bfc062723c751e8b465ee728b)
Start importing Assets/Prefabs/Chaser Enemy.prefab using Guid(0d8e0064c466aa24cbfd152022c84d15) Importer(815301076,1909f56bfc062723c751e8b465ee728b)  -> (artifact id: 'a03d667897f7565fb64095d6d6e3fcb7') in 0.002602 seconds
Number of updated asset objects reloaded before import = 0
Number of asset objects unloaded after import = 31
========================================================================
Received Import Request.
  Time since last request: 2.013364 seconds.
  path: Assets/Prefabs/Kamikaze Enemy.prefab
  artifactKey: Guid(5cbaa0d8bd6ee644da184db80263cbeb) Importer(815301076,1909f56bfc062723c751e8b465ee728b)
Start importing Assets/Prefabs/Kamikaze Enemy.prefab using Guid(5cbaa0d8bd6ee644da184db80263cbeb) Importer(815301076,1909f56bfc062723c751e8b465ee728b)  -> (artifact id: 'c450a5ef5f0afd59af8289513ca4b902') in 0.003030 seconds
Number of updated asset objects reloaded before import = 0
Number of asset objects unloaded after import = 44
========================================================================
Received Prepare
Begin MonoManager ReloadAssembly
Symbol file LoadedFromMemory doesn't match image D:\Cosas Maty\Da Vinci\Cuatrimestre 4\Aplicación de Motores II\TP_Aplicacion_Motores_2\TP1_AM2\Library\PackageCache\com.unity.visualscripting@1.8.0\Editor\VisualScripting.Core\Dependencies\YamlDotNet\Unity.VisualScripting.YamlDotNet.dll
Symbol file LoadedFromMemory doesn't match image D:\Cosas Maty\Da Vinci\Cuatrimestre 4\Aplicación de Motores II\TP_Aplicacion_Motores_2\TP1_AM2\Library\PackageCache\com.unity.visualscripting@1.8.0\Editor\VisualScripting.Core\Dependencies\DotNetZip\Unity.VisualScripting.IonicZip.dll
Symbol file LoadedFromMemory is not a mono symbol file
- Loaded All Assemblies, in  0.614 seconds
Refreshing native plugins compatible for Editor in 3.41 ms, found 3 plugins.
Native extension for WindowsStandalone target not found
Native extension for Android target not found
Mono: successfully reloaded assembly
- Finished resetting the current domain, in  1.053 seconds
Domain Reload Profiling: 1665ms
	BeginReloadAssembly (127ms)
		ExecutionOrderSort (0ms)
		DisableScriptedObjects (3ms)
		BackupInstance (0ms)
		ReleaseScriptingObjects (0ms)
		CreateAndSetChildDomain (41ms)
	RebuildCommonClasses (23ms)
	RebuildNativeTypeToScriptingClass (8ms)
	initialDomainReloadingComplete (26ms)
	LoadAllAssembliesAndSetupDomain (426ms)
		LoadAssemblies (247ms)
		RebuildTransferFunctionScriptingTraits (0ms)
		AnalyzeDomain (229ms)
			TypeCache.Refresh (222ms)
				TypeCache.ScanAssembly (210ms)
			ScanForSourceGeneratedMonoScriptInfo (0ms)
			ResolveRequiredComponents (7ms)
	FinalizeReload (1053ms)
		ReleaseScriptCaches (0ms)
		RebuildScriptCaches (0ms)
		SetupLoadedEditorAssemblies (461ms)
			LogAssemblyErrors (0ms)
			InitializePlatformSupportModulesInManaged (18ms)
			SetLoadedEditorAssemblies (3ms)
			RefreshPlugins (0ms)
			BeforeProcessingInitializeOnLoad (66ms)
			ProcessInitializeOnLoadAttributes (316ms)
			ProcessInitializeOnLoadMethodAttributes (50ms)
			AfterProcessingInitializeOnLoad (7ms)
			EditorAssembliesLoaded (0ms)
		ExecutionOrderSort2 (0ms)
		AwakeInstancesAfterBackupRestoration (7ms)
Refreshing native plugins compatible for Editor in 4.91 ms, found 3 plugins.
Preloading 0 native plugins for Editor in 0.00 ms.
Unloading 5533 Unused Serialized files (Serialized files now loaded: 0)
Unloading 45 unused Assets / (322.0 KB). Loaded Objects now: 6168.
Memory consumption went from 195.4 MB to 195.1 MB.
Total: 3.858000 ms (FindLiveObjects: 0.390900 ms CreateObjectMapping: 0.271100 ms MarkObjects: 3.079800 ms  DeleteObjects: 0.115500 ms)

Prepare: number of updated asset objects reloaded= 0
AssetImportParameters requested are different than current active one (requested -> active):
  custom:container-demuxer-ogg: 62fdf1f143b41e24485cea50d1cbac27 -> 
  custom:video-codec-MediaFoundation-h265: 746d11721c4dcdbdad8f713fa42b33f4 -> 
  custom:video-decoder-ogg-theora: a1e56fd34408186e4bbccfd4996cb3dc -> 
  custom:framework-win-MediaFoundation: 216162199b28c13a410421893ffa2e32 -> 
  custom:CustomObjectIndexerAttribute: a3ef5dd2817f97addfee359851a9dba5 -> 
  custom:container-demuxer-webm: 4f35f7cbe854078d1ac9338744f61a02 -> 
  custom:container-muxer-webm: aa71ff27fc2769a1b78a27578f13a17b -> 
  custom:video-decoder-webm-vp8: 9c59270c3fd7afecdb556c50c9e8de78 -> 
  custom:AudioImporter_EditorPlatform: d09bf68614088b80899f8185d706f6e7 -> 
  custom:video-encoder-webm-vp8: eb34c28f22e8b96e1ab97ce403110664 -> 
  custom:audio-decoder-ogg-vorbis: bf7c407c2cedff20999df2af8eb42d56 -> 
  custom:audio-encoder-webm-vorbis: bf7c407c2cedff20999df2af8eb42d56 -> 
========================================================================
Received Import Request.
  Time since last request: 44.696070 seconds.
  path: Assets/Prefabs/Archer Enemy.prefab
  artifactKey: Guid(e83a1cae577819a44b0815537a4b592a) Importer(815301076,1909f56bfc062723c751e8b465ee728b)
Start importing Assets/Prefabs/Archer Enemy.prefab using Guid(e83a1cae577819a44b0815537a4b592a) Importer(815301076,1909f56bfc062723c751e8b465ee728b)  -> (artifact id: '520a6902a4d097836dc6b8b9abcdf2c4') in 0.025812 seconds
Number of updated asset objects reloaded before import = 0
Number of asset objects unloaded after import = 39
========================================================================
Received Import Request.
  Time since last request: 0.315372 seconds.
  path: Assets/Prefabs/Archer Enemy.prefab
  artifactKey: Guid(e83a1cae577819a44b0815537a4b592a) Importer(815301076,1909f56bfc062723c751e8b465ee728b)
Start importing Assets/Prefabs/Archer Enemy.prefab using Guid(e83a1cae577819a44b0815537a4b592a) Importer(815301076,1909f56bfc062723c751e8b465ee728b)  -> (artifact id: 'ad8ecf977b8e25292eaa39f89859cbe5') in 0.003025 seconds
Number of updated asset objects reloaded before import = 0
Number of asset objects unloaded after import = 39
========================================================================
Received Import Request.
  Time since last request: 0.395633 seconds.
  path: Assets/Prefabs/Archer Enemy.prefab
  artifactKey: Guid(e83a1cae577819a44b0815537a4b592a) Importer(815301076,1909f56bfc062723c751e8b465ee728b)
Start importing Assets/Prefabs/Archer Enemy.prefab using Guid(e83a1cae577819a44b0815537a4b592a) Importer(815301076,1909f56bfc062723c751e8b465ee728b)  -> (artifact id: '93cf79fc43b591a5b6a35d4706b7a3ff') in 0.002936 seconds
Number of updated asset objects reloaded before import = 0
Number of asset objects unloaded after import = 39
========================================================================
Received Import Request.
  Time since last request: 2.429146 seconds.
  path: Assets/Prefabs/Chaser Enemy.prefab
  artifactKey: Guid(0d8e0064c466aa24cbfd152022c84d15) Importer(815301076,1909f56bfc062723c751e8b465ee728b)
Start importing Assets/Prefabs/Chaser Enemy.prefab using Guid(0d8e0064c466aa24cbfd152022c84d15) Importer(815301076,1909f56bfc062723c751e8b465ee728b)  -> (artifact id: '6463261d74a1dbfffef7da20bb0fe12b') in 0.002744 seconds
Number of updated asset objects reloaded before import = 0
Number of asset objects unloaded after import = 31
========================================================================
Received Import Request.
  Time since last request: 0.586354 seconds.
  path: Assets/Prefabs/Chaser Enemy.prefab
  artifactKey: Guid(0d8e0064c466aa24cbfd152022c84d15) Importer(815301076,1909f56bfc062723c751e8b465ee728b)
Start importing Assets/Prefabs/Chaser Enemy.prefab using Guid(0d8e0064c466aa24cbfd152022c84d15) Importer(815301076,1909f56bfc062723c751e8b465ee728b)  -> (artifact id: 'd2e2217707806591853c7c1c11b091fd') in 0.002426 seconds
Number of updated asset objects reloaded before import = 0
Number of asset objects unloaded after import = 31
========================================================================
Received Import Request.
  Time since last request: 3.022149 seconds.
  path: Assets/Prefabs/Kamikaze Enemy.prefab
  artifactKey: Guid(5cbaa0d8bd6ee644da184db80263cbeb) Importer(815301076,1909f56bfc062723c751e8b465ee728b)
Start importing Assets/Prefabs/Kamikaze Enemy.prefab using Guid(5cbaa0d8bd6ee644da184db80263cbeb) Importer(815301076,1909f56bfc062723c751e8b465ee728b)  -> (artifact id: '8352b0ee5e3d88944087e427a4b9c45a') in 0.003374 seconds
Number of updated asset objects reloaded before import = 0
Number of asset objects unloaded after import = 44
========================================================================
Received Import Request.
  Time since last request: 0.586819 seconds.
  path: Assets/Prefabs/Kamikaze Enemy.prefab
  artifactKey: Guid(5cbaa0d8bd6ee644da184db80263cbeb) Importer(815301076,1909f56bfc062723c751e8b465ee728b)
Start importing Assets/Prefabs/Kamikaze Enemy.prefab using Guid(5cbaa0d8bd6ee644da184db80263cbeb) Importer(815301076,1909f56bfc062723c751e8b465ee728b)  -> (artifact id: 'c99f6afbd79f5e128f120208b9d2818a') in 0.003154 seconds
Number of updated asset objects reloaded before import = 0
Number of asset objects unloaded after import = 44
========================================================================
Received Import Request.
  Time since last request: 1.827867 seconds.
  path: Assets/Prefabs/Kamikaze Enemy.prefab
  artifactKey: Guid(5cbaa0d8bd6ee644da184db80263cbeb) Importer(815301076,1909f56bfc062723c751e8b465ee728b)
Start importing Assets/Prefabs/Kamikaze Enemy.prefab using Guid(5cbaa0d8bd6ee644da184db80263cbeb) Importer(815301076,1909f56bfc062723c751e8b465ee728b)  -> (artifact id: '69e2d63af45827659b075813fea97c79') in 0.002964 seconds
Number of updated asset objects reloaded before import = 0
Number of asset objects unloaded after import = 44
========================================================================
Received Import Request.
  Time since last request: 3.371687 seconds.
  path: Assets/Prefabs/Chaser Enemy.prefab
  artifactKey: Guid(0d8e0064c466aa24cbfd152022c84d15) Importer(815301076,1909f56bfc062723c751e8b465ee728b)
Start importing Assets/Prefabs/Chaser Enemy.prefab using Guid(0d8e0064c466aa24cbfd152022c84d15) Importer(815301076,1909f56bfc062723c751e8b465ee728b)  -> (artifact id: '561cbbadf1343dfca01324cf6eba97ad') in 0.002348 seconds
Number of updated asset objects reloaded before import = 0
Number of asset objects unloaded after import = 31
========================================================================
Received Import Request.
  Time since last request: 6.668604 seconds.
  path: Assets/Prefabs/Archer Enemy.prefab
  artifactKey: Guid(e83a1cae577819a44b0815537a4b592a) Importer(815301076,1909f56bfc062723c751e8b465ee728b)
Start importing Assets/Prefabs/Archer Enemy.prefab using Guid(e83a1cae577819a44b0815537a4b592a) Importer(815301076,1909f56bfc062723c751e8b465ee728b)  -> (artifact id: '02e1f0937fa462b8305bdbf22331fc49') in 0.002878 seconds
Number of updated asset objects reloaded before import = 0
Number of asset objects unloaded after import = 39
========================================================================
Received Prepare
Begin MonoManager ReloadAssembly
Symbol file LoadedFromMemory doesn't match image D:\Cosas Maty\Da Vinci\Cuatrimestre 4\Aplicación de Motores II\TP_Aplicacion_Motores_2\TP1_AM2\Library\PackageCache\com.unity.visualscripting@1.8.0\Editor\VisualScripting.Core\Dependencies\YamlDotNet\Unity.VisualScripting.YamlDotNet.dll
Symbol file LoadedFromMemory doesn't match image D:\Cosas Maty\Da Vinci\Cuatrimestre 4\Aplicación de Motores II\TP_Aplicacion_Motores_2\TP1_AM2\Library\PackageCache\com.unity.visualscripting@1.8.0\Editor\VisualScripting.Core\Dependencies\DotNetZip\Unity.VisualScripting.IonicZip.dll
Symbol file LoadedFromMemory is not a mono symbol file
- Loaded All Assemblies, in  0.602 seconds
Refreshing native plugins compatible for Editor in 3.83 ms, found 3 plugins.
Native extension for WindowsStandalone target not found
Native extension for Android target not found
Mono: successfully reloaded assembly
- Finished resetting the current domain, in  1.020 seconds
Domain Reload Profiling: 1619ms
	BeginReloadAssembly (126ms)
		ExecutionOrderSort (0ms)
		DisableScriptedObjects (3ms)
		BackupInstance (0ms)
		ReleaseScriptingObjects (0ms)
		CreateAndSetChildDomain (42ms)
	RebuildCommonClasses (24ms)
	RebuildNativeTypeToScriptingClass (8ms)
	initialDomainReloadingComplete (25ms)
	LoadAllAssembliesAndSetupDomain (417ms)
		LoadAssemblies (244ms)
		RebuildTransferFunctionScriptingTraits (0ms)
		AnalyzeDomain (221ms)
			TypeCache.Refresh (214ms)
				TypeCache.ScanAssembly (202ms)
			ScanForSourceGeneratedMonoScriptInfo (0ms)
			ResolveRequiredComponents (7ms)
	FinalizeReload (1020ms)
		ReleaseScriptCaches (0ms)
		RebuildScriptCaches (0ms)
		SetupLoadedEditorAssemblies (422ms)
			LogAssemblyErrors (0ms)
			InitializePlatformSupportModulesInManaged (18ms)
			SetLoadedEditorAssemblies (2ms)
			RefreshPlugins (0ms)
			BeforeProcessingInitializeOnLoad (62ms)
			ProcessInitializeOnLoadAttributes (284ms)
			ProcessInitializeOnLoadMethodAttributes (48ms)
			AfterProcessingInitializeOnLoad (7ms)
			EditorAssembliesLoaded (0ms)
		ExecutionOrderSort2 (0ms)
		AwakeInstancesAfterBackupRestoration (7ms)
Refreshing native plugins compatible for Editor in 4.59 ms, found 3 plugins.
Preloading 0 native plugins for Editor in 0.00 ms.
Unloading 5533 Unused Serialized files (Serialized files now loaded: 0)
Unloading 45 unused Assets / (322.0 KB). Loaded Objects now: 6172.
Memory consumption went from 195.4 MB to 195.1 MB.
Total: 3.985800 ms (FindLiveObjects: 0.451300 ms CreateObjectMapping: 0.324700 ms MarkObjects: 3.086900 ms  DeleteObjects: 0.122000 ms)

Prepare: number of updated asset objects reloaded= 0
AssetImportParameters requested are different than current active one (requested -> active):
  custom:container-demuxer-ogg: 62fdf1f143b41e24485cea50d1cbac27 -> 
  custom:video-codec-MediaFoundation-h265: 746d11721c4dcdbdad8f713fa42b33f4 -> 
  custom:video-decoder-ogg-theora: a1e56fd34408186e4bbccfd4996cb3dc -> 
  custom:framework-win-MediaFoundation: 216162199b28c13a410421893ffa2e32 -> 
  custom:CustomObjectIndexerAttribute: a3ef5dd2817f97addfee359851a9dba5 -> 
  custom:container-demuxer-webm: 4f35f7cbe854078d1ac9338744f61a02 -> 
  custom:container-muxer-webm: aa71ff27fc2769a1b78a27578f13a17b -> 
  custom:video-decoder-webm-vp8: 9c59270c3fd7afecdb556c50c9e8de78 -> 
  custom:AudioImporter_EditorPlatform: d09bf68614088b80899f8185d706f6e7 -> 
  custom:video-encoder-webm-vp8: eb34c28f22e8b96e1ab97ce403110664 -> 
  custom:audio-decoder-ogg-vorbis: bf7c407c2cedff20999df2af8eb42d56 -> 
  custom:audio-encoder-webm-vorbis: bf7c407c2cedff20999df2af8eb42d56 -> 
